This is pdfTeX, Version 3.141592653-2.6-1.40.24 (TeX Live 2022) (preloaded format=pdflatex 2022.8.18)  5 JAN 2024 10:15
entering extended mode
 restricted \write18 enabled.
 %&-line parsing enabled.
**PTKR_New_Paper.tex
(./PTKR_New_Paper.tex
LaTeX2e <2021-11-15> patch level 1
L3 programming layer <2022-02-24> (./iopart.cls
Document Class: iopart 1996/06/10 v0.0 IOP Journals LaTeX article class
(./iopart10.clo
File: iopart10.clo 1997/01/13 v1.0 IOP Book file (size option)
)
\c@jnl=\count185
\c@section=\count186
\c@subsection=\count187
\c@subsubsection=\count188
\c@paragraph=\count189
\c@subparagraph=\count190
\c@figure=\count191
\c@table=\count192
\abovecaptionskip=\skip47
\belowcaptionskip=\skip48
\indentedwidth=\skip49
\mathindent=\dimen138
\c@eqnval=\count193
) (./iopams.sty
Package: iopams 1997/02/13 v1.0

(/usr/local/texlive/2022/texmf-dist/tex/latex/amsmath/amsgen.sty
File: amsgen.sty 1999/11/30 v2.0 generic functions
\@emptytoks=\toks16
\ex@=\dimen139
)
(/usr/local/texlive/2022/texmf-dist/tex/latex/amsfonts/amsfonts.sty
Package: amsfonts 2013/01/14 v3.01 Basic AMSFonts support
\symAMSa=\mathgroup4
\symAMSb=\mathgroup5
LaTeX Font Info:    Redeclaring math symbol \hbar on input line 98.
LaTeX Font Info:    Overwriting math alphabet `\mathfrak' in version `bold'
(Font)                  U/euf/m/n --> U/euf/b/n on input line 106.
)
(/usr/local/texlive/2022/texmf-dist/tex/latex/amsfonts/amssymb.sty
Package: amssymb 2013/01/14 v3.01 AMS font symbols
)
(/usr/local/texlive/2022/texmf-dist/tex/latex/amsmath/amsbsy.sty
Package: amsbsy 1999/11/29 v1.2d Bold Symbols
\pmbraise@=\dimen140
))
(/usr/local/texlive/2022/texmf-dist/tex/latex/amsmath/amsmath.sty
Package: amsmath 2021/10/15 v2.17l AMS math features
\@mathmargin=\skip50

For additional information on amsmath, use the `?' option.
(/usr/local/texlive/2022/texmf-dist/tex/latex/amsmath/amstext.sty
Package: amstext 2021/08/26 v2.01 AMS text
)
(/usr/local/texlive/2022/texmf-dist/tex/latex/amsmath/amsopn.sty
Package: amsopn 2021/08/26 v2.02 operator names
)
\inf@bad=\count194
LaTeX Info: Redefining \frac on input line 234.
\uproot@=\count195
\leftroot@=\count196
LaTeX Info: Redefining \overline on input line 399.
\classnum@=\count197
\DOTSCASE@=\count198
LaTeX Info: Redefining \ldots on input line 496.
LaTeX Info: Redefining \dots on input line 499.
LaTeX Info: Redefining \cdots on input line 620.
\Mathstrutbox@=\box50
\strutbox@=\box51
\big@size=\dimen141
LaTeX Font Info:    Redeclaring font encoding OML on input line 743.
LaTeX Font Info:    Redeclaring font encoding OMS on input line 744.
\macc@depth=\count199
\c@MaxMatrixCols=\count266
\dotsspace@=\muskip16
\c@parentequation=\count267
\dspbrk@lvl=\count268
\tag@help=\toks17
\row@=\count269
\column@=\count270
\maxfields@=\count271
\andhelp@=\toks18
\eqnshift@=\dimen142
\alignsep@=\dimen143
\tagshift@=\dimen144
\tagwidth@=\dimen145
\totwidth@=\dimen146
\lineht@=\dimen147
\@envbody=\toks19
\multlinegap=\skip51
\multlinetaggap=\skip52
\mathdisplay@stack=\toks20
LaTeX Info: Redefining \[ on input line 2938.
LaTeX Info: Redefining \] on input line 2939.
)
(/usr/local/texlive/2022/texmf-dist/tex/latex/caption/caption.sty
Package: caption 2022/03/01 v3.6b Customizing captions (AR)

(/usr/local/texlive/2022/texmf-dist/tex/latex/caption/caption3.sty
Package: caption3 2022/03/17 v2.3b caption3 kernel (AR)

(/usr/local/texlive/2022/texmf-dist/tex/latex/graphics/keyval.sty
Package: keyval 2014/10/28 v1.15 key=value parser (DPC)
\KV@toks@=\toks21
)
\caption@tempdima=\dimen148
\captionmargin=\dimen149
\caption@leftmargin=\dimen150
\caption@rightmargin=\dimen151
\caption@width=\dimen152
\caption@indent=\dimen153
\caption@parindent=\dimen154
\caption@hangindent=\dimen155
Package caption Info: Unknown document class (or package),
(caption)             standard defaults will be used.
Package caption Info: \@makecaption = \long macro:#1#2->\vskip \abovecaptionski
p \begin {indented} \item []{\bf #1.} #2 \end {indented}\vskip \belowcaptionski
p  on input line 1176.
)

Package caption Warning: Unknown document class (or package),
(caption)                standard defaults will be used.
See the caption package documentation for explanation.

\c@caption@flags=\count272
\c@continuedfloat=\count273
) (/usr/local/texlive/2022/texmf-dist/tex/latex/amsmath/amscd.sty
Package: amscd 2017/04/14 v2.1 AMS Commutative Diagrams
\athelp@=\toks22
\minaw@=\dimen156
\bigaw@=\dimen157
\minCDarrowwidth=\dimen158
)
(/usr/local/texlive/2022/texmf-dist/tex/latex/doublestroke/dsfont.sty
Package: dsfont 1995/08/01 v0.1 Double stroke roman fonts
)
(/usr/local/texlive/2022/texmf-dist/tex/latex/url/url.sty
\Urlmuskip=\muskip17
Package: url 2013/09/16  ver 3.4  Verb mode for urls, etc.
)
(/usr/local/texlive/2022/texmf-dist/tex/latex/graphics/graphicx.sty
Package: graphicx 2021/09/16 v1.2d Enhanced LaTeX Graphics (DPC,SPQR)

(/usr/local/texlive/2022/texmf-dist/tex/latex/graphics/graphics.sty
Package: graphics 2021/03/04 v1.4d Standard LaTeX Graphics (DPC,SPQR)

(/usr/local/texlive/2022/texmf-dist/tex/latex/graphics/trig.sty
Package: trig 2021/08/11 v1.11 sin cos tan (DPC)
)
(/usr/local/texlive/2022/texmf-dist/tex/latex/graphics-cfg/graphics.cfg
File: graphics.cfg 2016/06/04 v1.11 sample graphics configuration
)
Package graphics Info: Driver file: pdftex.def on input line 107.

(/usr/local/texlive/2022/texmf-dist/tex/latex/graphics-def/pdftex.def
File: pdftex.def 2020/10/05 v1.2a Graphics/color driver for pdftex
))
\Gin@req@height=\dimen159
\Gin@req@width=\dimen160
)
(/usr/local/texlive/2022/texmf-dist/tex/latex/cite/cite.sty
LaTeX Info: Redefining \cite on input line 302.
LaTeX Info: Redefining \nocite on input line 332.
Package: cite 2015/02/27  v 5.5
)
(/usr/local/texlive/2022/texmf-dist/tex/latex/hyperref/hyperref.sty
Package: hyperref 2022-02-21 v7.00n Hypertext links for LaTeX

(/usr/local/texlive/2022/texmf-dist/tex/generic/ltxcmds/ltxcmds.sty
Package: ltxcmds 2020-05-10 v1.25 LaTeX kernel commands for general use (HO)
)
(/usr/local/texlive/2022/texmf-dist/tex/generic/iftex/iftex.sty
Package: iftex 2022/02/03 v1.0f TeX engine tests
)
(/usr/local/texlive/2022/texmf-dist/tex/generic/pdftexcmds/pdftexcmds.sty
Package: pdftexcmds 2020-06-27 v0.33 Utility functions of pdfTeX for LuaTeX (HO
)

(/usr/local/texlive/2022/texmf-dist/tex/generic/infwarerr/infwarerr.sty
Package: infwarerr 2019/12/03 v1.5 Providing info/warning/error messages (HO)
)
Package pdftexcmds Info: \pdf@primitive is available.
Package pdftexcmds Info: \pdf@ifprimitive is available.
Package pdftexcmds Info: \pdfdraftmode found.
)
(/usr/local/texlive/2022/texmf-dist/tex/generic/kvsetkeys/kvsetkeys.sty
Package: kvsetkeys 2019/12/15 v1.18 Key value parser (HO)
)
(/usr/local/texlive/2022/texmf-dist/tex/generic/kvdefinekeys/kvdefinekeys.sty
Package: kvdefinekeys 2019-12-19 v1.6 Define keys (HO)
)
(/usr/local/texlive/2022/texmf-dist/tex/generic/pdfescape/pdfescape.sty
Package: pdfescape 2019/12/09 v1.15 Implements pdfTeX's escape features (HO)
)
(/usr/local/texlive/2022/texmf-dist/tex/latex/hycolor/hycolor.sty
Package: hycolor 2020-01-27 v1.10 Color options for hyperref/bookmark (HO)
)
(/usr/local/texlive/2022/texmf-dist/tex/latex/letltxmacro/letltxmacro.sty
Package: letltxmacro 2019/12/03 v1.6 Let assignment for LaTeX macros (HO)
)
(/usr/local/texlive/2022/texmf-dist/tex/latex/auxhook/auxhook.sty
Package: auxhook 2019-12-17 v1.6 Hooks for auxiliary files (HO)
)
(/usr/local/texlive/2022/texmf-dist/tex/latex/kvoptions/kvoptions.sty
Package: kvoptions 2020-10-07 v3.14 Key value format for package options (HO)
)
\@linkdim=\dimen161
\Hy@linkcounter=\count274
\Hy@pagecounter=\count275

(/usr/local/texlive/2022/texmf-dist/tex/latex/hyperref/pd1enc.def
File: pd1enc.def 2022-02-21 v7.00n Hyperref: PDFDocEncoding definition (HO)
Now handling font encoding PD1 ...
... no UTF-8 mapping file for font encoding PD1
)
(/usr/local/texlive/2022/texmf-dist/tex/generic/intcalc/intcalc.sty
Package: intcalc 2019/12/15 v1.3 Expandable calculations with integers (HO)
)
(/usr/local/texlive/2022/texmf-dist/tex/generic/etexcmds/etexcmds.sty
Package: etexcmds 2019/12/15 v1.7 Avoid name clashes with e-TeX commands (HO)
)
\Hy@SavedSpaceFactor=\count276

(/usr/local/texlive/2022/texmf-dist/tex/latex/hyperref/puenc.def
File: puenc.def 2022-02-21 v7.00n Hyperref: PDF Unicode definition (HO)
Now handling font encoding PU ...
... no UTF-8 mapping file for font encoding PU
)
Package hyperref Info: Hyper figures OFF on input line 4137.
Package hyperref Info: Link nesting OFF on input line 4142.
Package hyperref Info: Hyper index ON on input line 4145.
Package hyperref Info: Plain pages OFF on input line 4152.
Package hyperref Info: Backreferencing OFF on input line 4157.
Package hyperref Info: Implicit mode ON; LaTeX internals redefined.
Package hyperref Info: Bookmarks ON on input line 4390.
\c@Hy@tempcnt=\count277
LaTeX Info: Redefining \url on input line 4749.
\XeTeXLinkMargin=\dimen162

(/usr/local/texlive/2022/texmf-dist/tex/generic/bitset/bitset.sty
Package: bitset 2019/12/09 v1.3 Handle bit-vector datatype (HO)

(/usr/local/texlive/2022/texmf-dist/tex/generic/bigintcalc/bigintcalc.sty
Package: bigintcalc 2019/12/15 v1.5 Expandable calculations on big integers (HO
)
))
\Fld@menulength=\count278
\Field@Width=\dimen163
\Fld@charsize=\dimen164
Package hyperref Info: Hyper figures OFF on input line 6027.
Package hyperref Info: Link nesting OFF on input line 6032.
Package hyperref Info: Hyper index ON on input line 6035.
Package hyperref Info: backreferencing OFF on input line 6042.
Package hyperref Info: Link coloring OFF on input line 6047.
Package hyperref Info: Link coloring with OCG OFF on input line 6052.
Package hyperref Info: PDF/A mode OFF on input line 6057.
LaTeX Info: Redefining \ref on input line 6097.
LaTeX Info: Redefining \pageref on input line 6101.

(/usr/local/texlive/2022/texmf-dist/tex/latex/base/atbegshi-ltx.sty
Package: atbegshi-ltx 2021/01/10 v1.0c Emulation of the original atbegshi
package with kernel methods
)
\Hy@abspage=\count279
\c@Item=\count280
\c@Hfootnote=\count281
)
Package hyperref Info: Driver (autodetected): hpdftex.

(/usr/local/texlive/2022/texmf-dist/tex/latex/hyperref/hpdftex.def
File: hpdftex.def 2022-02-21 v7.00n Hyperref driver for pdfTeX

(/usr/local/texlive/2022/texmf-dist/tex/latex/base/atveryend-ltx.sty
Package: atveryend-ltx 2020/08/19 v1.0a Emulation of the original atveryend pac
kage
with kernel methods
)
\Fld@listcount=\count282
\c@bookmark@seq@number=\count283

(/usr/local/texlive/2022/texmf-dist/tex/latex/rerunfilecheck/rerunfilecheck.sty
Package: rerunfilecheck 2019/12/05 v1.9 Rerun checks for auxiliary files (HO)

(/usr/local/texlive/2022/texmf-dist/tex/generic/uniquecounter/uniquecounter.sty
Package: uniquecounter 2019/12/15 v1.4 Provide unlimited unique counter (HO)
)
Package uniquecounter Info: New unique counter `rerunfilecheck' on input line 2
86.
)
\Hy@SectionHShift=\skip53
) (/usr/local/texlive/2022/texmf-dist/tex/latex/graphics/color.sty
Package: color 2021/12/07 v1.3c Standard LaTeX Color (DPC)

(/usr/local/texlive/2022/texmf-dist/tex/latex/graphics-cfg/color.cfg
File: color.cfg 2016/01/02 v1.6 sample color configuration
)
Package color Info: Driver file: pdftex.def on input line 149.
)
(/usr/local/texlive/2022/texmf-dist/tex/latex/bbold/bbold.sty
Package: bbold 1994/04/06 Bbold symbol package
LaTeX Font Info:    Redeclaring math alphabet \mathbb on input line 42.
)
(/usr/local/texlive/2022/texmf-dist/tex/latex/pgf/frontendlayer/tikz.sty
(/usr/local/texlive/2022/texmf-dist/tex/latex/pgf/basiclayer/pgf.sty
(/usr/local/texlive/2022/texmf-dist/tex/latex/pgf/utilities/pgfrcs.sty
(/usr/local/texlive/2022/texmf-dist/tex/generic/pgf/utilities/pgfutil-common.te
x
\pgfutil@everybye=\toks23
\pgfutil@tempdima=\dimen165
\pgfutil@tempdimb=\dimen166

(/usr/local/texlive/2022/texmf-dist/tex/generic/pgf/utilities/pgfutil-common-li
sts.tex))
(/usr/local/texlive/2022/texmf-dist/tex/generic/pgf/utilities/pgfutil-latex.def
\pgfutil@abb=\box52
) (/usr/local/texlive/2022/texmf-dist/tex/generic/pgf/utilities/pgfrcs.code.tex
(/usr/local/texlive/2022/texmf-dist/tex/generic/pgf/pgf.revision.tex)
Package: pgfrcs 2021/05/15 v3.1.9a (3.1.9a)
))
Package: pgf 2021/05/15 v3.1.9a (3.1.9a)

(/usr/local/texlive/2022/texmf-dist/tex/latex/pgf/basiclayer/pgfcore.sty
(/usr/local/texlive/2022/texmf-dist/tex/latex/pgf/systemlayer/pgfsys.sty
(/usr/local/texlive/2022/texmf-dist/tex/generic/pgf/systemlayer/pgfsys.code.tex
Package: pgfsys 2021/05/15 v3.1.9a (3.1.9a)
(/usr/local/texlive/2022/texmf-dist/tex/generic/pgf/utilities/pgfkeys.code.tex
\pgfkeys@pathtoks=\toks24
\pgfkeys@temptoks=\toks25

(/usr/local/texlive/2022/texmf-dist/tex/generic/pgf/utilities/pgfkeysfiltered.c
ode.tex
\pgfkeys@tmptoks=\toks26
))
\pgf@x=\dimen167
\pgf@y=\dimen168
\pgf@xa=\dimen169
\pgf@ya=\dimen170
\pgf@xb=\dimen171
\pgf@yb=\dimen172
\pgf@xc=\dimen173
\pgf@yc=\dimen174
\pgf@xd=\dimen175
\pgf@yd=\dimen176
\w@pgf@writea=\write3
\r@pgf@reada=\read2
\c@pgf@counta=\count284
\c@pgf@countb=\count285
\c@pgf@countc=\count286
\c@pgf@countd=\count287
\t@pgf@toka=\toks27
\t@pgf@tokb=\toks28
\t@pgf@tokc=\toks29
\pgf@sys@id@count=\count288

(/usr/local/texlive/2022/texmf-dist/tex/generic/pgf/systemlayer/pgf.cfg
File: pgf.cfg 2021/05/15 v3.1.9a (3.1.9a)
)
Driver file for pgf: pgfsys-pdftex.def

(/usr/local/texlive/2022/texmf-dist/tex/generic/pgf/systemlayer/pgfsys-pdftex.d
ef
File: pgfsys-pdftex.def 2021/05/15 v3.1.9a (3.1.9a)

(/usr/local/texlive/2022/texmf-dist/tex/generic/pgf/systemlayer/pgfsys-common-p
df.def
File: pgfsys-common-pdf.def 2021/05/15 v3.1.9a (3.1.9a)
)))
(/usr/local/texlive/2022/texmf-dist/tex/generic/pgf/systemlayer/pgfsyssoftpath.
code.tex
File: pgfsyssoftpath.code.tex 2021/05/15 v3.1.9a (3.1.9a)
\pgfsyssoftpath@smallbuffer@items=\count289
\pgfsyssoftpath@bigbuffer@items=\count290
)
(/usr/local/texlive/2022/texmf-dist/tex/generic/pgf/systemlayer/pgfsysprotocol.
code.tex
File: pgfsysprotocol.code.tex 2021/05/15 v3.1.9a (3.1.9a)
)) (/usr/local/texlive/2022/texmf-dist/tex/latex/xcolor/xcolor.sty
Package: xcolor 2021/10/31 v2.13 LaTeX color extensions (UK)

(/usr/local/texlive/2022/texmf-dist/tex/latex/graphics-cfg/color.cfg
File: color.cfg 2016/01/02 v1.6 sample color configuration
)
Package xcolor Info: Driver file: pdftex.def on input line 227.
LaTeX Info: Redefining \color on input line 711.
Package xcolor Info: Model `cmy' substituted by `cmy0' on input line 1352.
Package xcolor Info: Model `hsb' substituted by `rgb' on input line 1356.
Package xcolor Info: Model `RGB' extended on input line 1368.
Package xcolor Info: Model `HTML' substituted by `rgb' on input line 1370.
Package xcolor Info: Model `Hsb' substituted by `hsb' on input line 1371.
Package xcolor Info: Model `tHsb' substituted by `hsb' on input line 1372.
Package xcolor Info: Model `HSB' substituted by `hsb' on input line 1373.
Package xcolor Info: Model `Gray' substituted by `gray' on input line 1374.
Package xcolor Info: Model `wave' substituted by `hsb' on input line 1375.
)
(/usr/local/texlive/2022/texmf-dist/tex/generic/pgf/basiclayer/pgfcore.code.tex
Package: pgfcore 2021/05/15 v3.1.9a (3.1.9a)
(/usr/local/texlive/2022/texmf-dist/tex/generic/pgf/math/pgfmath.code.tex
(/usr/local/texlive/2022/texmf-dist/tex/generic/pgf/math/pgfmathcalc.code.tex
(/usr/local/texlive/2022/texmf-dist/tex/generic/pgf/math/pgfmathutil.code.tex)
(/usr/local/texlive/2022/texmf-dist/tex/generic/pgf/math/pgfmathparser.code.tex
\pgfmath@dimen=\dimen177
\pgfmath@count=\count291
\pgfmath@box=\box53
\pgfmath@toks=\toks30
\pgfmath@stack@operand=\toks31
\pgfmath@stack@operation=\toks32
)
(/usr/local/texlive/2022/texmf-dist/tex/generic/pgf/math/pgfmathfunctions.code.
tex
(/usr/local/texlive/2022/texmf-dist/tex/generic/pgf/math/pgfmathfunctions.basic
.code.tex)
(/usr/local/texlive/2022/texmf-dist/tex/generic/pgf/math/pgfmathfunctions.trigo
nometric.code.tex)
(/usr/local/texlive/2022/texmf-dist/tex/generic/pgf/math/pgfmathfunctions.rando
m.code.tex)
(/usr/local/texlive/2022/texmf-dist/tex/generic/pgf/math/pgfmathfunctions.compa
rison.code.tex)
(/usr/local/texlive/2022/texmf-dist/tex/generic/pgf/math/pgfmathfunctions.base.
code.tex)
(/usr/local/texlive/2022/texmf-dist/tex/generic/pgf/math/pgfmathfunctions.round
.code.tex)
(/usr/local/texlive/2022/texmf-dist/tex/generic/pgf/math/pgfmathfunctions.misc.
code.tex)
(/usr/local/texlive/2022/texmf-dist/tex/generic/pgf/math/pgfmathfunctions.integ
erarithmetics.code.tex)))
(/usr/local/texlive/2022/texmf-dist/tex/generic/pgf/math/pgfmathfloat.code.tex
\c@pgfmathroundto@lastzeros=\count292
)) (/usr/local/texlive/2022/texmf-dist/tex/generic/pgf/math/pgfint.code.tex)
(/usr/local/texlive/2022/texmf-dist/tex/generic/pgf/basiclayer/pgfcorepoints.co
de.tex
File: pgfcorepoints.code.tex 2021/05/15 v3.1.9a (3.1.9a)
\pgf@picminx=\dimen178
\pgf@picmaxx=\dimen179
\pgf@picminy=\dimen180
\pgf@picmaxy=\dimen181
\pgf@pathminx=\dimen182
\pgf@pathmaxx=\dimen183
\pgf@pathminy=\dimen184
\pgf@pathmaxy=\dimen185
\pgf@xx=\dimen186
\pgf@xy=\dimen187
\pgf@yx=\dimen188
\pgf@yy=\dimen189
\pgf@zx=\dimen190
\pgf@zy=\dimen191
)
(/usr/local/texlive/2022/texmf-dist/tex/generic/pgf/basiclayer/pgfcorepathconst
ruct.code.tex
File: pgfcorepathconstruct.code.tex 2021/05/15 v3.1.9a (3.1.9a)
\pgf@path@lastx=\dimen192
\pgf@path@lasty=\dimen193
)
(/usr/local/texlive/2022/texmf-dist/tex/generic/pgf/basiclayer/pgfcorepathusage
.code.tex
File: pgfcorepathusage.code.tex 2021/05/15 v3.1.9a (3.1.9a)
\pgf@shorten@end@additional=\dimen194
\pgf@shorten@start@additional=\dimen195
)
(/usr/local/texlive/2022/texmf-dist/tex/generic/pgf/basiclayer/pgfcorescopes.co
de.tex
File: pgfcorescopes.code.tex 2021/05/15 v3.1.9a (3.1.9a)
\pgfpic=\box54
\pgf@hbox=\box55
\pgf@layerbox@main=\box56
\pgf@picture@serial@count=\count293
)
(/usr/local/texlive/2022/texmf-dist/tex/generic/pgf/basiclayer/pgfcoregraphicst
ate.code.tex
File: pgfcoregraphicstate.code.tex 2021/05/15 v3.1.9a (3.1.9a)
\pgflinewidth=\dimen196
)
(/usr/local/texlive/2022/texmf-dist/tex/generic/pgf/basiclayer/pgfcoretransform
ations.code.tex
File: pgfcoretransformations.code.tex 2021/05/15 v3.1.9a (3.1.9a)
\pgf@pt@x=\dimen197
\pgf@pt@y=\dimen198
\pgf@pt@temp=\dimen199
)
(/usr/local/texlive/2022/texmf-dist/tex/generic/pgf/basiclayer/pgfcorequick.cod
e.tex
File: pgfcorequick.code.tex 2021/05/15 v3.1.9a (3.1.9a)
)
(/usr/local/texlive/2022/texmf-dist/tex/generic/pgf/basiclayer/pgfcoreobjects.c
ode.tex
File: pgfcoreobjects.code.tex 2021/05/15 v3.1.9a (3.1.9a)
)
(/usr/local/texlive/2022/texmf-dist/tex/generic/pgf/basiclayer/pgfcorepathproce
ssing.code.tex
File: pgfcorepathprocessing.code.tex 2021/05/15 v3.1.9a (3.1.9a)
)
(/usr/local/texlive/2022/texmf-dist/tex/generic/pgf/basiclayer/pgfcorearrows.co
de.tex
File: pgfcorearrows.code.tex 2021/05/15 v3.1.9a (3.1.9a)
\pgfarrowsep=\dimen256
)
(/usr/local/texlive/2022/texmf-dist/tex/generic/pgf/basiclayer/pgfcoreshade.cod
e.tex
File: pgfcoreshade.code.tex 2021/05/15 v3.1.9a (3.1.9a)
\pgf@max=\dimen257
\pgf@sys@shading@range@num=\count294
\pgf@shadingcount=\count295
)
(/usr/local/texlive/2022/texmf-dist/tex/generic/pgf/basiclayer/pgfcoreimage.cod
e.tex
File: pgfcoreimage.code.tex 2021/05/15 v3.1.9a (3.1.9a)

(/usr/local/texlive/2022/texmf-dist/tex/generic/pgf/basiclayer/pgfcoreexternal.
code.tex
File: pgfcoreexternal.code.tex 2021/05/15 v3.1.9a (3.1.9a)
\pgfexternal@startupbox=\box57
))
(/usr/local/texlive/2022/texmf-dist/tex/generic/pgf/basiclayer/pgfcorelayers.co
de.tex
File: pgfcorelayers.code.tex 2021/05/15 v3.1.9a (3.1.9a)
)
(/usr/local/texlive/2022/texmf-dist/tex/generic/pgf/basiclayer/pgfcoretranspare
ncy.code.tex
File: pgfcoretransparency.code.tex 2021/05/15 v3.1.9a (3.1.9a)
)
(/usr/local/texlive/2022/texmf-dist/tex/generic/pgf/basiclayer/pgfcorepatterns.
code.tex
File: pgfcorepatterns.code.tex 2021/05/15 v3.1.9a (3.1.9a)
)
(/usr/local/texlive/2022/texmf-dist/tex/generic/pgf/basiclayer/pgfcorerdf.code.
tex
File: pgfcorerdf.code.tex 2021/05/15 v3.1.9a (3.1.9a)
)))
(/usr/local/texlive/2022/texmf-dist/tex/generic/pgf/modules/pgfmoduleshapes.cod
e.tex
File: pgfmoduleshapes.code.tex 2021/05/15 v3.1.9a (3.1.9a)
\pgfnodeparttextbox=\box58
)
(/usr/local/texlive/2022/texmf-dist/tex/generic/pgf/modules/pgfmoduleplot.code.
tex
File: pgfmoduleplot.code.tex 2021/05/15 v3.1.9a (3.1.9a)
)
(/usr/local/texlive/2022/texmf-dist/tex/latex/pgf/compatibility/pgfcomp-version
-0-65.sty
Package: pgfcomp-version-0-65 2021/05/15 v3.1.9a (3.1.9a)
\pgf@nodesepstart=\dimen258
\pgf@nodesepend=\dimen259
)
(/usr/local/texlive/2022/texmf-dist/tex/latex/pgf/compatibility/pgfcomp-version
-1-18.sty
Package: pgfcomp-version-1-18 2021/05/15 v3.1.9a (3.1.9a)
))
(/usr/local/texlive/2022/texmf-dist/tex/latex/pgf/utilities/pgffor.sty
(/usr/local/texlive/2022/texmf-dist/tex/latex/pgf/utilities/pgfkeys.sty
(/usr/local/texlive/2022/texmf-dist/tex/generic/pgf/utilities/pgfkeys.code.tex)
) (/usr/local/texlive/2022/texmf-dist/tex/latex/pgf/math/pgfmath.sty
(/usr/local/texlive/2022/texmf-dist/tex/generic/pgf/math/pgfmath.code.tex))
(/usr/local/texlive/2022/texmf-dist/tex/generic/pgf/utilities/pgffor.code.tex
Package: pgffor 2021/05/15 v3.1.9a (3.1.9a)

(/usr/local/texlive/2022/texmf-dist/tex/generic/pgf/math/pgfmath.code.tex)
\pgffor@iter=\dimen260
\pgffor@skip=\dimen261
\pgffor@stack=\toks33
\pgffor@toks=\toks34
))
(/usr/local/texlive/2022/texmf-dist/tex/generic/pgf/frontendlayer/tikz/tikz.cod
e.tex
Package: tikz 2021/05/15 v3.1.9a (3.1.9a)

(/usr/local/texlive/2022/texmf-dist/tex/generic/pgf/libraries/pgflibraryplothan
dlers.code.tex
File: pgflibraryplothandlers.code.tex 2021/05/15 v3.1.9a (3.1.9a)
\pgf@plot@mark@count=\count296
\pgfplotmarksize=\dimen262
)
\tikz@lastx=\dimen263
\tikz@lasty=\dimen264
\tikz@lastxsaved=\dimen265
\tikz@lastysaved=\dimen266
\tikz@lastmovetox=\dimen267
\tikz@lastmovetoy=\dimen268
\tikzleveldistance=\dimen269
\tikzsiblingdistance=\dimen270
\tikz@figbox=\box59
\tikz@figbox@bg=\box60
\tikz@tempbox=\box61
\tikz@tempbox@bg=\box62
\tikztreelevel=\count297
\tikznumberofchildren=\count298
\tikznumberofcurrentchild=\count299
\tikz@fig@count=\count300

(/usr/local/texlive/2022/texmf-dist/tex/generic/pgf/modules/pgfmodulematrix.cod
e.tex
File: pgfmodulematrix.code.tex 2021/05/15 v3.1.9a (3.1.9a)
\pgfmatrixcurrentrow=\count301
\pgfmatrixcurrentcolumn=\count302
\pgf@matrix@numberofcolumns=\count303
)
\tikz@expandcount=\count304

(/usr/local/texlive/2022/texmf-dist/tex/generic/pgf/frontendlayer/tikz/librarie
s/tikzlibrarytopaths.code.tex
File: tikzlibrarytopaths.code.tex 2021/05/15 v3.1.9a (3.1.9a)
)))
(/usr/local/texlive/2022/texmf-dist/tex/latex/tools/dcolumn.sty
Package: dcolumn 2014/10/28 v1.06 decimal alignment package (DPC)

(/usr/local/texlive/2022/texmf-dist/tex/latex/tools/array.sty
Package: array 2021/10/04 v2.5f Tabular extension package (FMi)
\col@sep=\dimen271
\ar@mcellbox=\box63
\extrarowheight=\dimen272
\NC@list=\toks35
\extratabsurround=\skip54
\backup@length=\skip55


LaTeX Warning: Command \@xhline  has changed.
               Check if current package is valid.

\ar@cellbox=\box64
)) (/usr/local/texlive/2022/texmf-dist/tex/latex/wasysym/wasysym.sty
Package: wasysym 2020/01/19 v2.4 Wasy-2 symbol support package
\symwasy=\mathgroup6
LaTeX Font Info:    Overwriting symbol font `wasy' in version `bold'
(Font)                  U/wasy/m/n --> U/wasy/b/n on input line 93.
)
(/usr/local/texlive/2022/texmf-dist/tex/latex/braket/braket.sty)
(/usr/local/texlive/2022/texmf-dist/tex/latex/tools/bm.sty
Package: bm 2021/04/25 v1.2e Bold Symbol Support (DPC/FMi)
\symboldoperators=\mathgroup7
\symboldletters=\mathgroup8
\symboldsymbols=\mathgroup9
Package bm Info: No bold for \OMX/cmex/m/n, using \pmb.
Package bm Info: No bold for \U/msa/m/n, using \pmb.
Package bm Info: No bold for \U/msb/m/n, using \pmb.
\symboldwasy=\mathgroup10
LaTeX Font Info:    Redeclaring math alphabet \mathbf on input line 149.
)
(/usr/local/texlive/2022/texmf-dist/tex/latex/listings/listings.sty
\lst@mode=\count305
\lst@gtempboxa=\box65
\lst@token=\toks36
\lst@length=\count306
\lst@currlwidth=\dimen273
\lst@column=\count307
\lst@pos=\count308
\lst@lostspace=\dimen274
\lst@width=\dimen275
\lst@newlines=\count309
\lst@lineno=\count310
\lst@maxwidth=\dimen276

(/usr/local/texlive/2022/texmf-dist/tex/latex/listings/lstmisc.sty
File: lstmisc.sty 2020/03/24 1.8d (Carsten Heinz)
\c@lstnumber=\count311
\lst@skipnumbers=\count312
\lst@framebox=\box66
)
(/usr/local/texlive/2022/texmf-dist/tex/latex/listings/listings.cfg
File: listings.cfg 2020/03/24 1.8d listings configuration
))
Package: listings 2020/03/24 1.8d (Carsten Heinz)

(/usr/local/texlive/2022/texmf-dist/tex/generic/ulem/ulem.sty
\UL@box=\box67
\UL@hyphenbox=\box68
\UL@skip=\skip56
\UL@hook=\toks37
\UL@height=\dimen277
\UL@pe=\count313
\UL@pixel=\dimen278
\ULC@box=\box69
Package: ulem 2019/11/18
\ULdepth=\dimen279
)
(/usr/local/texlive/2022/texmf-dist/tex/latex/printlen/printlen.sty
Package: printlen 2009/09/03 v1.1a print lengths with units
)
(/usr/local/texlive/2022/texmf-dist/tex/latex/l3backend/l3backend-pdftex.def
File: l3backend-pdftex.def 2022-02-07 L3 backend support: PDF output (pdfTeX)
\l__color_backend_stack_int=\count314
\l__pdf_internal_box=\box70
)
(./PTKR_New_Paper.aux)
\openout1 = `PTKR_New_Paper.aux'.

LaTeX Font Info:    Checking defaults for OML/cmm/m/it on input line 35.
LaTeX Font Info:    ... okay on input line 35.
LaTeX Font Info:    Checking defaults for OMS/cmsy/m/n on input line 35.
LaTeX Font Info:    ... okay on input line 35.
LaTeX Font Info:    Checking defaults for OT1/cmr/m/n on input line 35.
LaTeX Font Info:    ... okay on input line 35.
LaTeX Font Info:    Checking defaults for T1/cmr/m/n on input line 35.
LaTeX Font Info:    ... okay on input line 35.
LaTeX Font Info:    Checking defaults for TS1/cmr/m/n on input line 35.
LaTeX Font Info:    ... okay on input line 35.
LaTeX Font Info:    Checking defaults for OMX/cmex/m/n on input line 35.
LaTeX Font Info:    ... okay on input line 35.
LaTeX Font Info:    Checking defaults for U/cmr/m/n on input line 35.
LaTeX Font Info:    ... okay on input line 35.
LaTeX Font Info:    Checking defaults for PD1/pdf/m/n on input line 35.
LaTeX Font Info:    ... okay on input line 35.
LaTeX Font Info:    Checking defaults for PU/pdf/m/n on input line 35.
LaTeX Font Info:    ... okay on input line 35.
Package caption Info: Begin \AtBeginDocument code.
Package caption Info: hyperref package is loaded.
Package caption Info: listings package is loaded.
Package caption Info: End \AtBeginDocument code.

(/usr/local/texlive/2022/texmf-dist/tex/context/base/mkii/supp-pdf.mkii
[Loading MPS to PDF converter (version 2006.09.02).]
\scratchcounter=\count315
\scratchdimen=\dimen280
\scratchbox=\box71
\nofMPsegments=\count316
\nofMParguments=\count317
\everyMPshowfont=\toks38
\MPscratchCnt=\count318
\MPscratchDim=\dimen281
\MPnumerator=\count319
\makeMPintoPDFobject=\count320
\everyMPtoPDFconversion=\toks39
) (/usr/local/texlive/2022/texmf-dist/tex/latex/epstopdf-pkg/epstopdf-base.sty
Package: epstopdf-base 2020-01-24 v2.11 Base part for package epstopdf
Package epstopdf-base Info: Redefining graphics rule for `.eps' on input line 4
85.

(/usr/local/texlive/2022/texmf-dist/tex/latex/latexconfig/epstopdf-sys.cfg
File: epstopdf-sys.cfg 2010/07/13 v1.3 Configuration of (r)epstopdf for TeX Liv
e
))
Package hyperref Info: Link coloring OFF on input line 35.

(/usr/local/texlive/2022/texmf-dist/tex/latex/hyperref/nameref.sty
Package: nameref 2021-04-02 v2.47 Cross-referencing by name of section

(/usr/local/texlive/2022/texmf-dist/tex/latex/refcount/refcount.sty
Package: refcount 2019/12/15 v3.6 Data extraction from label references (HO)
)
(/usr/local/texlive/2022/texmf-dist/tex/generic/gettitlestring/gettitlestring.s
ty
Package: gettitlestring 2019/12/15 v1.6 Cleanup title references (HO)
)
\c@section@level=\count321
)
LaTeX Info: Redefining \ref on input line 35.
LaTeX Info: Redefining \pageref on input line 35.
LaTeX Info: Redefining \nameref on input line 35.
 (./PTKR_New_Paper.out) (./PTKR_New_Paper.out)
\@outlinefile=\write4
\openout4 = `PTKR_New_Paper.out'.

\c@lstlisting=\count322
 [1

{/usr/local/texlive/2022/texmf-var/fonts/map/pdftex/updmap/pdftex.map}]
LaTeX Font Info:    Trying to load font information for U+msa on input line 59.


(/usr/local/texlive/2022/texmf-dist/tex/latex/amsfonts/umsa.fd
File: umsa.fd 2013/01/14 v3.01 AMS symbols A
)
LaTeX Font Info:    Trying to load font information for U+msb on input line 59.


(/usr/local/texlive/2022/texmf-dist/tex/latex/amsfonts/umsb.fd
File: umsb.fd 2013/01/14 v3.01 AMS symbols B
)
LaTeX Font Info:    Trying to load font information for U+wasy on input line 59
.

(/usr/local/texlive/2022/texmf-dist/tex/latex/wasysym/uwasy.fd
File: uwasy.fd 2020/01/19 v2.4 Wasy-2 symbol font definitions
)

LaTeX Font Warning: Font shape `U/wasy/b/n' in size <7> not available
(Font)              Font shape `U/wasy/m/n' tried instead on input line 59.


LaTeX Font Warning: Font shape `U/wasy/b/n' in size <5> not available
(Font)              Font shape `U/wasy/m/n' tried instead on input line 59.

[2]
LaTeX Font Info:    Trying to load font information for U+bbold on input line 6
7.
 (/usr/local/texlive/2022/texmf-dist/tex/latex/bbold/Ubbold.fd)

LaTeX Warning: Citation `Henning_2003_Shot_Noise' on page 3 undefined on input 
line 71.


LaTeX Warning: Citation `Ketz_2018' on page 3 undefined on input line 71.


LaTeX Warning: Citation `Butusov_sym_map' on page 3 undefined on input line 71.



LaTeX Warning: Citation `Janos_2013' on page 3 undefined on input line 84.


LaTeX Warning: Citation `Jones_2010' on page 3 undefined on input line 84.


LaTeX Warning: Citation `Izrailev_1988_Torus_Model' on page 3 undefined on inpu
t line 85.


LaTeX Warning: Citation `Tracy_2002' on page 3 undefined on input line 85.


LaTeX Warning: Citation `Torre_2003' on page 3 undefined on input line 85.

[3]

LaTeX Warning: Citation `me' on page 4 undefined on input line 106.

<./fig_paper//spec_k10_gp001_N2001_2x3.png, id=105, 130.3269pt x 130.3269pt>
File: ./fig_paper//spec_k10_gp001_N2001_2x3.png Graphic file (type png)
<use ./fig_paper//spec_k10_gp001_N2001_2x3.png>
Package pdftex.def Info: ./fig_paper//spec_k10_gp001_N2001_2x3.png  used on inp
ut line 114.
(pdftex.def)             Requested size: 167.39886pt x 167.41641pt.
<./fig_paper//fweyl_log_plot_k10_gp001_2x3.png, id=106, 130.3269pt x 130.3269pt
>
File: ./fig_paper//fweyl_log_plot_k10_gp001_2x3.png Graphic file (type png)
<use ./fig_paper//fweyl_log_plot_k10_gp001_2x3.png>
Package pdftex.def Info: ./fig_paper//fweyl_log_plot_k10_gp001_2x3.png  used on
 input line 115.
(pdftex.def)             Requested size: 167.39886pt x 167.41641pt.

LaTeX Warning: `!h' float specifier changed to `!ht'.

[4]
<./fig_paper//spec_k10_gp001_N501_2x3.png, id=119, 130.3269pt x 130.3269pt>
File: ./fig_paper//spec_k10_gp001_N501_2x3.png Graphic file (type png)
<use ./fig_paper//spec_k10_gp001_N501_2x3.png>
Package pdftex.def Info: ./fig_paper//spec_k10_gp001_N501_2x3.png  used on inpu
t line 135.
(pdftex.def)             Requested size: 89.28204pt x 89.28531pt.
<./fig_paper//spec_k10_gp001_N1001_2x3.png, id=120, 130.3269pt x 130.3269pt>
File: ./fig_paper//spec_k10_gp001_N1001_2x3.png Graphic file (type png)
<use ./fig_paper//spec_k10_gp001_N1001_2x3.png>
Package pdftex.def Info: ./fig_paper//spec_k10_gp001_N1001_2x3.png  used on inp
ut line 136.
(pdftex.def)             Requested size: 89.28204pt x 89.28531pt.
<./fig_paper//spec_k10_gp001_N1501_2x3.png, id=121, 130.3269pt x 130.3269pt>
File: ./fig_paper//spec_k10_gp001_N1501_2x3.png Graphic file (type png)
<use ./fig_paper//spec_k10_gp001_N1501_2x3.png>
Package pdftex.def Info: ./fig_paper//spec_k10_gp001_N1501_2x3.png  used on inp
ut line 137.
(pdftex.def)             Requested size: 89.28204pt x 89.28531pt.
File: ./fig_paper//spec_k10_gp001_N2001_2x3.png Graphic file (type png)
<use ./fig_paper//spec_k10_gp001_N2001_2x3.png>
Package pdftex.def Info: ./fig_paper//spec_k10_gp001_N2001_2x3.png  used on inp
ut line 138.
(pdftex.def)             Requested size: 89.28204pt x 89.28531pt.
<./fig_paper//HusG_k10_g0p001_N501_gain_2x3.png, id=122, 130.3269pt x 130.3269p
t>
File: ./fig_paper//HusG_k10_g0p001_N501_gain_2x3.png Graphic file (type png)
<use ./fig_paper//HusG_k10_g0p001_N501_gain_2x3.png>
Package pdftex.def Info: ./fig_paper//HusG_k10_g0p001_N501_gain_2x3.png  used o
n input line 139.
(pdftex.def)             Requested size: 89.28204pt x 89.28531pt.
<./fig_paper//HusG_k10_g0p001_N1001_gain_2x3.png, id=123, 130.3269pt x 130.3269
pt>
File: ./fig_paper//HusG_k10_g0p001_N1001_gain_2x3.png Graphic file (type png)
<use ./fig_paper//HusG_k10_g0p001_N1001_gain_2x3.png>
Package pdftex.def Info: ./fig_paper//HusG_k10_g0p001_N1001_gain_2x3.png  used 
on input line 140.
(pdftex.def)             Requested size: 89.28204pt x 89.28531pt.
<./fig_paper//HusG_k10_g0p001_N1501_gain_2x3.png, id=124, 130.3269pt x 130.3269
pt>
File: ./fig_paper//HusG_k10_g0p001_N1501_gain_2x3.png Graphic file (type png)
<use ./fig_paper//HusG_k10_g0p001_N1501_gain_2x3.png>
Package pdftex.def Info: ./fig_paper//HusG_k10_g0p001_N1501_gain_2x3.png  used 
on input line 141.
(pdftex.def)             Requested size: 89.28204pt x 89.28531pt.
<./fig_paper//HusG_k10_g0p001_N2001_gain_2x3.png, id=125, 130.3269pt x 130.3269
pt>
File: ./fig_paper//HusG_k10_g0p001_N2001_gain_2x3.png Graphic file (type png)
<use ./fig_paper//HusG_k10_g0p001_N2001_gain_2x3.png>
Package pdftex.def Info: ./fig_paper//HusG_k10_g0p001_N2001_gain_2x3.png  used 
on input line 142.
(pdftex.def)             Requested size: 89.28204pt x 89.28531pt.
<./fig_paper//HusG_k10_g0p001_N501_longest_lived_2x3.png, id=126, 130.3269pt x 
130.3269pt>
File: ./fig_paper//HusG_k10_g0p001_N501_longest_lived_2x3.png Graphic file (typ
e png)
<use ./fig_paper//HusG_k10_g0p001_N501_longest_lived_2x3.png>
Package pdftex.def Info: ./fig_paper//HusG_k10_g0p001_N501_longest_lived_2x3.pn
g  used on input line 143.
(pdftex.def)             Requested size: 89.28204pt x 89.28531pt.
<./fig_paper//HusG_k10_g0p001_N1001_longest_lived_2x3.png, id=127, 130.3269pt x
 130.3269pt>
File: ./fig_paper//HusG_k10_g0p001_N1001_longest_lived_2x3.png Graphic file (ty
pe png)
<use ./fig_paper//HusG_k10_g0p001_N1001_longest_lived_2x3.png>
Package pdftex.def Info: ./fig_paper//HusG_k10_g0p001_N1001_longest_lived_2x3.p
ng  used on input line 144.
(pdftex.def)             Requested size: 89.28204pt x 89.28531pt.
<./fig_paper//HusG_k10_g0p001_N1501_longest_lived_2x3.png, id=128, 130.3269pt x
 130.3269pt>
File: ./fig_paper//HusG_k10_g0p001_N1501_longest_lived_2x3.png Graphic file (ty
pe png)
<use ./fig_paper//HusG_k10_g0p001_N1501_longest_lived_2x3.png>
Package pdftex.def Info: ./fig_paper//HusG_k10_g0p001_N1501_longest_lived_2x3.p
ng  used on input line 145.
(pdftex.def)             Requested size: 89.28204pt x 89.28531pt.
<./fig_paper//HusG_k10_g0p001_N2001_longest_lived_2x3.png, id=129, 130.3269pt x
 130.3269pt>
File: ./fig_paper//HusG_k10_g0p001_N2001_longest_lived_2x3.png Graphic file (ty
pe png)
<use ./fig_paper//HusG_k10_g0p001_N2001_longest_lived_2x3.png>
Package pdftex.def Info: ./fig_paper//HusG_k10_g0p001_N2001_longest_lived_2x3.p
ng  used on input line 146.
(pdftex.def)             Requested size: 89.28204pt x 89.28531pt.


LaTeX Warning: `!h' float specifier changed to `!ht'.

File: ./fig_paper//HusG_k10_g0p001_N501_longest_lived_2x3.png Graphic file (typ
e png)
<use ./fig_paper//HusG_k10_g0p001_N501_longest_lived_2x3.png>
Package pdftex.def Info: ./fig_paper//HusG_k10_g0p001_N501_longest_lived_2x3.pn
g  used on input line 155.
(pdftex.def)             Requested size: 89.28204pt x 89.28531pt.
File: ./fig_paper//HusG_k10_g0p001_N1001_longest_lived_2x3.png Graphic file (ty
pe png)
<use ./fig_paper//HusG_k10_g0p001_N1001_longest_lived_2x3.png>
Package pdftex.def Info: ./fig_paper//HusG_k10_g0p001_N1001_longest_lived_2x3.p
ng  used on input line 156.
(pdftex.def)             Requested size: 89.28204pt x 89.28531pt.
File: ./fig_paper//HusG_k10_g0p001_N1501_longest_lived_2x3.png Graphic file (ty
pe png)
<use ./fig_paper//HusG_k10_g0p001_N1501_longest_lived_2x3.png>
Package pdftex.def Info: ./fig_paper//HusG_k10_g0p001_N1501_longest_lived_2x3.p
ng  used on input line 157.
(pdftex.def)             Requested size: 89.28204pt x 89.28531pt.
File: ./fig_paper//HusG_k10_g0p001_N2001_longest_lived_2x3.png Graphic file (ty
pe png)
<use ./fig_paper//HusG_k10_g0p001_N2001_longest_lived_2x3.png>
Package pdftex.def Info: ./fig_paper//HusG_k10_g0p001_N2001_longest_lived_2x3.p
ng  used on input line 158.
(pdftex.def)             Requested size: 89.28204pt x 89.28531pt.
<./fig_paper//HusG_k10_g0p001_N2501_longest_lived_2x3.png, id=130, 130.3269pt x
 130.3269pt>
File: ./fig_paper//HusG_k10_g0p001_N2501_longest_lived_2x3.png Graphic file (ty
pe png)
<use ./fig_paper//HusG_k10_g0p001_N2501_longest_lived_2x3.png>
Package pdftex.def Info: ./fig_paper//HusG_k10_g0p001_N2501_longest_lived_2x3.p
ng  used on input line 159.
(pdftex.def)             Requested size: 89.28204pt x 89.28531pt.
<./fig_paper//HusG_k10_g0p001_N3501_longest_lived_2x3.png, id=131, 130.3269pt x
 130.3269pt>
File: ./fig_paper//HusG_k10_g0p001_N3501_longest_lived_2x3.png Graphic file (ty
pe png)
<use ./fig_paper//HusG_k10_g0p001_N3501_longest_lived_2x3.png>
Package pdftex.def Info: ./fig_paper//HusG_k10_g0p001_N3501_longest_lived_2x3.p
ng  used on input line 160.
(pdftex.def)             Requested size: 89.28204pt x 89.28531pt.
<./fig_paper//HusG_k10_g0p001_N4001_longest_lived_2x3.png, id=132, 130.3269pt x
 130.3269pt>
File: ./fig_paper//HusG_k10_g0p001_N4001_longest_lived_2x3.png Graphic file (ty
pe png)
<use ./fig_paper//HusG_k10_g0p001_N4001_longest_lived_2x3.png>
Package pdftex.def Info: ./fig_paper//HusG_k10_g0p001_N4001_longest_lived_2x3.p
ng  used on input line 161.
(pdftex.def)             Requested size: 89.28204pt x 89.28531pt.
<./fig_paper//HusG_k10_g0p001_N5001_longest_lived_2x3.png, id=133, 130.3269pt x
 130.3269pt>
File: ./fig_paper//HusG_k10_g0p001_N5001_longest_lived_2x3.png Graphic file (ty
pe png)
<use ./fig_paper//HusG_k10_g0p001_N5001_longest_lived_2x3.png>
Package pdftex.def Info: ./fig_paper//HusG_k10_g0p001_N5001_longest_lived_2x3.p
ng  used on input line 162.
(pdftex.def)             Requested size: 89.28204pt x 89.28531pt.

Underfull \hbox (badness 1824) in paragraph at lines 164--164
[]\OT1/cmr/m/n/10 Figure 3: |Husimi distribution longest lived Schur state $[]$
 for $\OML/cmm/m/it/10 k \OT1/cmr/m/n/10 = 10$,
 []


LaTeX Warning: `!h' float specifier changed to `!ht'.

[5 <./fig_paper//spec_k10_gp001_N2001_2x3.png (PNG copy)> <./fig_paper//fweyl_l
og_plot_k10_gp001_2x3.png (PNG copy)>]
<./fig_paper//pmu_distribution_k1p1_g1_2x3.png, id=142, 130.3269pt x 130.3269pt
>
File: ./fig_paper//pmu_distribution_k1p1_g1_2x3.png Graphic file (type png)
<use ./fig_paper//pmu_distribution_k1p1_g1_2x3.png>
Package pdftex.def Info: ./fig_paper//pmu_distribution_k1p1_g1_2x3.png  used on
 input line 197.
(pdftex.def)             Requested size: 119.04272pt x 119.04707pt.
<./fig_paper//pmu_distribution_k5_g1_2x3.png, id=143, 130.3269pt x 130.3269pt>
File: ./fig_paper//pmu_distribution_k5_g1_2x3.png Graphic file (type png)
<use ./fig_paper//pmu_distribution_k5_g1_2x3.png>
Package pdftex.def Info: ./fig_paper//pmu_distribution_k5_g1_2x3.png  used on i
nput line 198.
(pdftex.def)             Requested size: 119.04272pt x 119.04707pt.
<./fig_paper//pmu_distribution_k10_g1_2x3.png, id=144, 130.3269pt x 130.3269pt>

File: ./fig_paper//pmu_distribution_k10_g1_2x3.png Graphic file (type png)
<use ./fig_paper//pmu_distribution_k10_g1_2x3.png>
Package pdftex.def Info: ./fig_paper//pmu_distribution_k10_g1_2x3.png  used on 
input line 199.
(pdftex.def)             Requested size: 119.04272pt x 119.04707pt.
<./fig_paper//pmu_distribution_gain_k1p1_g1_2x3.png, id=145, 130.3269pt x 130.3
269pt>
File: ./fig_paper//pmu_distribution_gain_k1p1_g1_2x3.png Graphic file (type png
)
<use ./fig_paper//pmu_distribution_gain_k1p1_g1_2x3.png>
Package pdftex.def Info: ./fig_paper//pmu_distribution_gain_k1p1_g1_2x3.png  us
ed on input line 200.
(pdftex.def)             Requested size: 119.04272pt x 119.04707pt.
<./fig_paper//pmu_distribution_gain_k5_g1_2x3.png, id=146, 130.3269pt x 130.326
9pt>
File: ./fig_paper//pmu_distribution_gain_k5_g1_2x3.png Graphic file (type png)
<use ./fig_paper//pmu_distribution_gain_k5_g1_2x3.png>
Package pdftex.def Info: ./fig_paper//pmu_distribution_gain_k5_g1_2x3.png  used
 on input line 201.
(pdftex.def)             Requested size: 119.04272pt x 119.04707pt.
<./fig_paper//pmu_distribution_gain_k10_g1_2x3.png, id=147, 130.3269pt x 130.32
69pt>
File: ./fig_paper//pmu_distribution_gain_k10_g1_2x3.png Graphic file (type png)

<use ./fig_paper//pmu_distribution_gain_k10_g1_2x3.png>
Package pdftex.def Info: ./fig_paper//pmu_distribution_gain_k10_g1_2x3.png  use
d on input line 202.
(pdftex.def)             Requested size: 119.04272pt x 119.04707pt.
 [6 <./fig_paper//spec_k10_gp001_N501_2x3.png (PNG copy)> <./fig_paper//spec_k1
0_gp001_N1001_2x3.png (PNG copy)> <./fig_paper//spec_k10_gp001_N1501_2x3.png (P
NG copy)> <./fig_paper//HusG_k10_g0p001_N501_gain_2x3.png (PNG copy)> <./fig_pa
per//HusG_k10_g0p001_N1001_gain_2x3.png (PNG copy)> <./fig_paper//HusG_k10_g0p0
01_N1501_gain_2x3.png (PNG copy)> <./fig_paper//HusG_k10_g0p001_N2001_gain_2x3.
png (PNG copy)> <./fig_paper//HusG_k10_g0p001_N501_longest_lived_2x3.png (PNG c
opy)> <./fig_paper//HusG_k10_g0p001_N1001_longest_lived_2x3.png (PNG copy)> <./
fig_paper//HusG_k10_g0p001_N1501_longest_lived_2x3.png (PNG copy)> <./fig_paper
//HusG_k10_g0p001_N2001_longest_lived_2x3.png (PNG copy)>]

LaTeX Warning: `!h' float specifier changed to `!ht'.

<./fig_paper//max_imag_N100_to_N1000_kvals_2x3.png, id=155, 130.3269pt x 130.32
69pt>
File: ./fig_paper//max_imag_N100_to_N1000_kvals_2x3.png Graphic file (type png)

<use ./fig_paper//max_imag_N100_to_N1000_kvals_2x3.png>
Package pdftex.def Info: ./fig_paper//max_imag_N100_to_N1000_kvals_2x3.png  use
d on input line 215.
(pdftex.def)             Requested size: 167.39886pt x 167.41641pt.
<./fig_paper//kick_plot_N500_1000_1500_2x3.png, id=156, 130.3269pt x 130.3269pt
>
File: ./fig_paper//kick_plot_N500_1000_1500_2x3.png Graphic file (type png)
<use ./fig_paper//kick_plot_N500_1000_1500_2x3.png>
Package pdftex.def Info: ./fig_paper//kick_plot_N500_1000_1500_2x3.png  used on
 input line 216.
(pdftex.def)             Requested size: 167.39886pt x 167.41641pt.

LaTeX Warning: `!h' float specifier changed to `!ht'.


LaTeX Warning: Citation `me' on page 7 undefined on input line 221.

[7 <./fig_paper//HusG_k10_g0p001_N2501_longest_lived_2x3.png (PNG copy)> <./fig
_paper//HusG_k10_g0p001_N3501_longest_lived_2x3.png (PNG copy)> <./fig_paper//H
usG_k10_g0p001_N4001_longest_lived_2x3.png (PNG copy)> <./fig_paper//HusG_k10_g
0p001_N5001_longest_lived_2x3.png (PNG copy)>] [8 <./fig_paper//pmu_distributio
n_k1p1_g1_2x3.png (PNG copy)> <./fig_paper//pmu_distribution_k5_g1_2x3.png (PNG
 copy)> <./fig_paper//pmu_distribution_k10_g1_2x3.png (PNG copy)> <./fig_paper/
/pmu_distribution_gain_k1p1_g1_2x3.png (PNG copy)> <./fig_paper//pmu_distributi
on_gain_k5_g1_2x3.png (PNG copy)> <./fig_paper//pmu_distribution_gain_k10_g1_2x
3.png (PNG copy)> <./fig_paper//max_imag_N100_to_N1000_kvals_2x3.png (PNG copy)
> <./fig_paper//kick_plot_N500_1000_1500_2x3.png (PNG copy)>]

LaTeX Warning: Citation `Henning_2013_scattering_PT_Review' on page 9 undefined
 on input line 234.

(./PTKR_New_Paper.bbl

LaTeX Font Warning: Font shape `U/wasy/b/n' in size <8> not available
(Font)              Font shape `U/wasy/m/n' tried instead on input line 12.


LaTeX Font Warning: Font shape `U/wasy/b/n' in size <6> not available
(Font)              Font shape `U/wasy/m/n' tried instead on input line 12.

) [9]
<./fig_paper//PT_Broken_gamma_N500.png, id=188, 367.8543pt x 311.2428pt>
File: ./fig_paper//PT_Broken_gamma_N500.png Graphic file (type png)
<use ./fig_paper//PT_Broken_gamma_N500.png>
Package pdftex.def Info: ./fig_paper//PT_Broken_gamma_N500.png  used on input l
ine 307.
(pdftex.def)             Requested size: 186.0pt x 157.3782pt.
 [10 <./fig_paper//PT_Broken_gamma_N500.png (PNG copy)>]
(./PTKR_New_Paper.aux)

LaTeX Warning: There were undefined references.

Package rerunfilecheck Info: File `PTKR_New_Paper.out' has not changed.
(rerunfilecheck)             Checksum: 5F14822833A1E4F63AA54BEF8AA944EC;2533.
 ) 
Here is how much of TeX's memory you used:
 23938 strings out of 478268
 445100 string characters out of 5846347
 688093 words of memory out of 5000000
 41677 multiletter control sequences out of 15000+600000
 482485 words of font info for 80 fonts, out of 8000000 for 9000
 1141 hyphenation exceptions out of 8191
 84i,7n,89p,1414b,413s stack positions out of 10000i,1000n,20000p,200000b,200000s
</usr/local/texlive/2022/texmf-dist/fonts/type1/public/bbold-type1/bbold10.pf
b></usr/local/texlive/2022/texmf-dist/fonts/type1/public/amsfonts/cm/cmbx10.pfb
></usr/local/texlive/2022/texmf-dist/fonts/type1/public/amsfonts/cm/cmbx12.pfb>
</usr/local/texlive/2022/texmf-dist/fonts/type1/public/amsfonts/cm/cmbx8.pfb></
usr/local/texlive/2022/texmf-dist/fonts/type1/public/amsfonts/cm/cmex10.pfb></u
sr/local/texlive/2022/texmf-dist/fonts/type1/public/amsfonts/cmextra/cmex7.pfb>
</usr/local/texlive/2022/texmf-dist/fonts/type1/public/amsfonts/cm/cmmi10.pfb><
/usr/local/texlive/2022/texmf-dist/fonts/type1/public/amsfonts/cm/cmmi5.pfb></u
sr/local/texlive/2022/texmf-dist/fonts/type1/public/amsfonts/cm/cmmi7.pfb></usr
/local/texlive/2022/texmf-dist/fonts/type1/public/amsfonts/cm/cmr10.pfb></usr/l
ocal/texlive/2022/texmf-dist/fonts/type1/public/amsfonts/cm/cmr5.pfb></usr/loca
l/texlive/2022/texmf-dist/fonts/type1/public/amsfonts/cm/cmr7.pfb></usr/local/t
exlive/2022/texmf-dist/fonts/type1/public/amsfonts/cm/cmr8.pfb></usr/local/texl
ive/2022/texmf-dist/fonts/type1/public/amsfonts/cm/cmsy10.pfb></usr/local/texli
ve/2022/texmf-dist/fonts/type1/public/amsfonts/cm/cmsy5.pfb></usr/local/texlive
/2022/texmf-dist/fonts/type1/public/amsfonts/cm/cmsy7.pfb></usr/local/texlive/2
022/texmf-dist/fonts/type1/public/amsfonts/cm/cmti10.pfb></usr/local/texlive/20
22/texmf-dist/fonts/type1/public/amsfonts/cm/cmti8.pfb></usr/local/texlive/2022
/texmf-dist/fonts/type1/public/amsfonts/cm/cmtt8.pfb></usr/local/texlive/2022/t
exmf-dist/fonts/type1/public/amsfonts/symbols/msbm10.pfb></usr/local/texlive/20
22/texmf-dist/fonts/type1/public/amsfonts/symbols/msbm5.pfb>
Output written on PTKR_New_Paper.pdf (10 pages, 2035507 bytes).
PDF statistics:
 294 PDF objects out of 1000 (max. 8388607)
 211 compressed objects within 3 object streams
 46 named destinations out of 1000 (max. 500000)
 255 words of extra memory for PDF output out of 10000 (max. 10000000)

